[0709/180141.446:ERROR:process_memory_win.cc(73)] ReadMemory at 0x7ff7464d0000 of 64 bytes failed: Only part of a ReadProcessMemory or WriteProcessMemory request was completed. (0x12B)
[0709/180141.964:WARNING:pe_image_reader.cc(340)] could not read dos header from C:\Program Files (x86)\Google\Chrome\Application\chrome.exe
[0709/180141.964:ERROR:process_memory_win.cc(73)] ReadMemory at 0x7ff8b7400000 of 64 bytes failed: Only part of a ReadProcessMemory or WriteProcessMemory request was completed. (0x12B)
[0709/180141.964:WARNING:pe_image_reader.cc(340)] could not read dos header from C:\WINDOWS\SYSTEM32\ntdll.dll
[0709/180141.964:ERROR:process_memory_win.cc(73)] ReadMemory at 0x7ff8b6870000 of 64 bytes failed: Only part of a ReadProcessMemory or WriteProcessMemory request was completed. (0x12B)
[0709/180142.164:WARNING:pe_image_reader.cc(340)] could not read dos header from C:\WINDOWS\System32\KERNEL32.DLL
[0709/180142.164:ERROR:process_memory_win.cc(73)] ReadMemory at 0x7ff8b43e0000 of 64 bytes failed: Only part of a ReadProcessMemory or WriteProcessMemory request was completed. (0x12B)
[0709/180142.164:WARNING:pe_image_reader.cc(340)] could not read dos header from C:\WINDOWS\System32\KERNELBASE.dll
[0709/180142.164:ERROR:process_memory_win.cc(73)] ReadMemory at 0x7ff89d540000 of 64 bytes failed: Only part of a ReadProcessMemory or WriteProcessMemory request was completed. (0x12B)
[0709/180142.164:WARNING:pe_image_reader.cc(340)] could not read dos header from C:\Program Files (x86)\Google\Chrome\Application\83.0.4103.116\chrome_elf.dll
[0709/180142.165:ERROR:process_memory_win.cc(73)] ReadMemory at 0x7ff8abc70000 of 64 bytes failed: Only part of a ReadProcessMemory or WriteProcessMemory request was completed. (0x12B)
[0709/180142.165:WARNING:pe_image_reader.cc(340)] could not read dos header from C:\WINDOWS\SYSTEM32\VERSION.dll
[0709/180142.165:ERROR:process_memory_win.cc(73)] ReadMemory at 0x7ff8b7190000 of 64 bytes failed: Only part of a ReadProcessMemory or WriteProcessMemory request was completed. (0x12B)
[0709/180142.165:WARNING:pe_image_reader.cc(340)] could not read dos header from C:\WINDOWS\System32\msvcrt.dll
[0709/180142.165:ERROR:process_memory_win.cc(73)] ReadMemory at 0x7ff8b4660000 of 64 bytes failed: Only part of a ReadProcessMemory or WriteProcessMemory request was completed. (0x12B)
[0709/180142.165:WARNING:pe_image_reader.cc(340)] could not read dos header from C:\WINDOWS\System32\bcryptPrimitives.dll
[0709/180142.165:ERROR:process_memory_win.cc(73)] ReadMemory at 0x7ff8b4ca0000 of 64 bytes failed: Only part of a ReadProcessMemory or WriteProcessMemory request was completed. (0x12B)
[0709/180142.165:WARNING:pe_image_reader.cc(340)] could not read dos header from C:\WINDOWS\System32\ADVAPI32.dll
[0709/180142.165:ERROR:process_memory_win.cc(73)] ReadMemory at 0x7ff8b4e00000 of 64 bytes failed: Only part of a ReadProcessMemory or WriteProcessMemory request was completed. (0x12B)
[0709/180142.165:WARNING:pe_image_reader.cc(340)] could not read dos header from C:\WINDOWS\System32\sechost.dll
[0709/180142.165:ERROR:process_memory_win.cc(73)] ReadMemory at 0x7ff8b6ea0000 of 64 bytes failed: Only part of a ReadProcessMemory or WriteProcessMemory request was completed. (0x12B)
[0709/180142.165:WARNING:pe_image_reader.cc(340)] could not read dos header from C:\WINDOWS\System32\RPCRT4.dll
[0709/180142.165:ERROR:process_memory_win.cc(73)] ReadMemory at 0x7ff876a90000 of 64 bytes failed: Only part of a ReadProcessMemory or WriteProcessMemory request was completed. (0x12B)
[0709/180142.165:WARNING:pe_image_reader.cc(340)] could not read dos header from C:\Program Files (x86)\Google\Chrome\Application\83.0.4103.116\chrome.dll
[0709/180142.165:ERROR:process_memory_win.cc(73)] ReadMemory at 0x7ff8b6600000 of 64 bytes failed: Only part of a ReadProcessMemory or WriteProcessMemory request was completed. (0x12B)
[0709/180142.165:WARNING:pe_image_reader.cc(340)] could not read dos header from C:\WINDOWS\System32\WS2_32.dll
[0709/180142.165:ERROR:process_memory_win.cc(73)] ReadMemory at 0x7ff8b5000000 of 64 bytes failed: Only part of a ReadProcessMemory or WriteProcessMemory request was completed. (0x12B)
[0709/180142.165:WARNING:pe_image_reader.cc(340)] could not read dos header from C:\WINDOWS\System32\OLEAUT32.dll
[0709/180142.165:ERROR:process_memory_win.cc(73)] ReadMemory at 0x7ff8b3ee0000 of 64 bytes failed: Only part of a ReadProcessMemory or WriteProcessMemory request was completed. (0x12B)
[0709/180142.166:WARNING:pe_image_reader.cc(340)] could not read dos header from C:\WINDOWS\System32\msvcp_win.dll
[0709/180142.166:ERROR:process_memory_win.cc(73)] ReadMemory at 0x7ff8b4790000 of 64 bytes failed: Only part of a ReadProcessMemory or WriteProcessMemory request was completed. (0x12B)
[0709/180142.166:WARNING:pe_image_reader.cc(340)] could not read dos header from C:\WINDOWS\System32\ucrtbase.dll
[0709/180142.166:ERROR:process_memory_win.cc(73)] ReadMemory at 0x7ff8b4970000 of 64 bytes failed: Only part of a ReadProcessMemory or WriteProcessMemory request was completed. (0x12B)
[0709/180142.166:WARNING:pe_image_reader.cc(340)] could not read dos header from C:\WINDOWS\System32\combase.dll
[0709/180142.166:ERROR:process_memory_win.cc(73)] ReadMemory at 0x7ff8b4190000 of 64 bytes failed: Only part of a ReadProcessMemory or WriteProcessMemory request was completed. (0x12B)
[0709/180142.166:WARNING:pe_image_reader.cc(340)] could not read dos header from C:\WINDOWS\System32\WINTRUST.dll
[0709/180142.166:ERROR:process_memory_win.cc(73)] ReadMemory at 0x7ff8b3770000 of 64 bytes failed: Only part of a ReadProcessMemory or WriteProcessMemory request was completed. (0x12B)
[0709/180142.166:WARNING:pe_image_reader.cc(340)] could not read dos header from C:\WINDOWS\System32\MSASN1.dll
[0709/180142.166:ERROR:process_memory_win.cc(73)] ReadMemory at 0x7ff8b3f80000 of 64 bytes failed: Only part of a ReadProcessMemory or WriteProcessMemory request was completed. (0x12B)
[0709/180142.166:WARNING:pe_image_reader.cc(340)] could not read dos header from C:\WINDOWS\System32\CRYPT32.dll
[0709/180142.166:ERROR:process_memory_win.cc(73)] ReadMemory at 0x7ff8b2cb0000 of 64 bytes failed: Only part of a ReadProcessMemory or WriteProcessMemory request was completed. (0x12B)
[0709/180142.166:WARNING:pe_image_reader.cc(340)] could not read dos header from C:\WINDOWS\SYSTEM32\IPHLPAPI.DLL
[0709/180142.166:ERROR:process_memory_win.cc(73)] ReadMemory at 0x7ff8af810000 of 64 bytes failed: Only part of a ReadProcessMemory or WriteProcessMemory request was completed. (0x12B)
[0709/180142.166:WARNING:pe_image_reader.cc(340)] could not read dos header from C:\WINDOWS\SYSTEM32\WINMM.dll
[0709/180142.166:ERROR:process_memory_win.cc(73)] ReadMemory at 0x7ff89c6f0000 of 64 bytes failed: Only part of a ReadProcessMemory or WriteProcessMemory request was completed. (0x12B)
[0709/180142.166:WARNING:pe_image_reader.cc(340)] could not read dos header from C:\WINDOWS\SYSTEM32\Secur32.dll
[0709/180142.166:ERROR:process_memory_win.cc(73)] ReadMemory at 0x7ff8b3610000 of 64 bytes failed: Only part of a ReadProcessMemory or WriteProcessMemory request was completed. (0x12B)
[0709/180142.166:WARNING:pe_image_reader.cc(340)] could not read dos header from C:\WINDOWS\SYSTEM32\USERENV.dll
[0709/180142.166:ERROR:process_memory_win.cc(73)] ReadMemory at 0x7ff8b37b0000 of 64 bytes failed: Only part of a ReadProcessMemory or WriteProcessMemory request was completed. (0x12B)
[0709/180142.166:WARNING:pe_image_reader.cc(340)] could not read dos header from C:\WINDOWS\System32\profapi.dll
[0709/180142.166:ERROR:process_memory_win.cc(73)] ReadMemory at 0x7ff8a6b40000 of 64 bytes failed: Only part of a ReadProcessMemory or WriteProcessMemory request was completed. (0x12B)
[0709/180142.166:WARNING:pe_image_reader.cc(340)] could not read dos header from C:\WINDOWS\SYSTEM32\UIAutomationCore.DLL
[0709/180142.166:ERROR:process_memory_win.cc(73)] ReadMemory at 0x7ff8aa570000 of 64 bytes failed: Only part of a ReadProcessMemory or WriteProcessMemory request was completed. (0x12B)
[0709/180142.166:WARNING:pe_image_reader.cc(340)] could not read dos header from C:\WINDOWS\SYSTEM32\DWrite.dll
[0709/180142.166:ERROR:process_memory_win.cc(73)] ReadMemory at 0x7ff88fff0000 of 64 bytes failed: Only part of a ReadProcessMemory or WriteProcessMemory request was completed. (0x12B)
[0709/180142.166:WARNING:pe_image_reader.cc(340)] could not read dos header from C:\WINDOWS\SYSTEM32\WINSPOOL.DRV
[0709/180142.166:ERROR:process_memory_win.cc(73)] ReadMemory at 0x7ff8b3790000 of 64 bytes failed: Only part of a ReadProcessMemory or WriteProcessMemory request was completed. (0x12B)
[0709/180142.166:WARNING:pe_image_reader.cc(340)] could not read dos header from C:\WINDOWS\System32\kernel.appcore.dll
[0709/180142.166:ERROR:process_memory_win.cc(73)] ReadMemory at 0x7ff8b2110000 of 64 bytes failed: Only part of a ReadProcessMemory or WriteProcessMemory request was completed. (0x12B)
[0709/180142.166:WARNING:pe_image_reader.cc(340)] could not read dos header from C:\WINDOWS\SYSTEM32\dbghelp.dll
[0709/180142.166:ERROR:process_memory_win.cc(73)] ReadMemory at 0x7ff8ab4b0000 of 64 bytes failed: Only part of a ReadProcessMemory or WriteProcessMemory request was completed. (0x12B)
[0709/180142.166:WARNING:pe_image_reader.cc(340)] could not read dos header from C:\WINDOWS\SYSTEM32\WINHTTP.dll
[0709/180142.167:ERROR:process_memory_win.cc(73)] ReadMemory at 0x7ff8ab480000 of 64 bytes failed: Only part of a ReadProcessMemory or WriteProcessMemory request was completed. (0x12B)
[0709/180142.167:WARNING:pe_image_reader.cc(340)] could not read dos header from C:\WINDOWS\SYSTEM32\dhcpcsvc.DLL
[0709/180142.167:ERROR:process_memory_win.cc(73)] ReadMemory at 0x7ff8b4d50000 of 64 bytes failed: Only part of a ReadProcessMemory or WriteProcessMemory request was completed. (0x12B)
[0709/180142.167:WARNING:pe_image_reader.cc(340)] could not read dos header from C:\WINDOWS\System32\NSI.dll
[0709/180142.167:ERROR:process_memory_win.cc(73)] ReadMemory at 0x7ff8af650000 of 64 bytes failed: Only part of a ReadProcessMemory or WriteProcessMemory request was completed. (0x12B)
[0709/180142.167:WARNING:pe_image_reader.cc(340)] could not read dos header from C:\WINDOWS\SYSTEM32\WINMMBASE.dll
[0709/180142.167:ERROR:process_memory_win.cc(73)] ReadMemory at 0x7ff8b4390000 of 64 bytes failed: Only part of a ReadProcessMemory or WriteProcessMemory request was completed. (0x12B)
[0709/180142.167:WARNING:pe_image_reader.cc(340)] could not read dos header from C:\WINDOWS\System32\cfgmgr32.dll
[0709/180142.167:ERROR:process_memory_win.cc(73)] ReadMemory at 0x7ff8b0b20000 of 64 bytes failed: Only part of a ReadProcessMemory or WriteProcessMemory request was completed. (0x12B)
[0709/180142.167:WARNING:pe_image_reader.cc(340)] could not read dos header from C:\WINDOWS\SYSTEM32\PROPSYS.dll
[0709/180142.167:ERROR:process_memory_win.cc(73)] ReadMemory at 0x7ff8b48c0000 of 64 bytes failed: Only part of a ReadProcessMemory or WriteProcessMemory request was completed. (0x12B)
[0709/180142.167:WARNING:pe_image_reader.cc(340)] could not read dos header from C:\WINDOWS\System32\shcore.dll
[0709/180142.167:ERROR:process_memory_win.cc(73)] ReadMemory at 0x7ff8b3210000 of 64 bytes failed: Only part of a ReadProcessMemory or WriteProcessMemory request was completed. (0x12B)
[0709/180142.167:WARNING:pe_image_reader.cc(340)] could not read dos header from C:\WINDOWS\SYSTEM32\bcrypt.dll
[0709/180142.167:ERROR:process_memory_win.cc(73)] ReadMemory at 0x7ff8b3640000 of 64 bytes failed: Only part of a ReadProcessMemory or WriteProcessMemory request was completed. (0x12B)
[0709/180142.167:WARNING:pe_image_reader.cc(340)] could not read dos header from C:\WINDOWS\SYSTEM32\SSPICLI.DLL
[0709/180142.167:ERROR:process_memory_win.cc(73)] ReadMemory at 0x7ff8b3100000 of 64 bytes failed: Only part of a ReadProcessMemory or WriteProcessMemory request was completed. (0x12B)
[0709/180142.167:WARNING:pe_image_reader.cc(340)] could not read dos header from C:\WINDOWS\SYSTEM32\CRYPTBASE.DLL
[0709/180143.088:ERROR:process_memory_win.cc(73)] ReadMemory at 0x7ff7464d0000 of 64 bytes failed: Only part of a ReadProcessMemory or WriteProcessMemory request was completed. (0x12B)
[0709/180143.088:WARNING:pe_image_reader.cc(340)] could not read dos header from C:\Program Files (x86)\Google\Chrome\Application\chrome.exe
[0709/180143.088:ERROR:process_memory_win.cc(73)] ReadMemory at 0x7ff8b7400000 of 64 bytes failed: Only part of a ReadProcessMemory or WriteProcessMemory request was completed. (0x12B)
[0709/180143.088:WARNING:pe_image_reader.cc(340)] could not read dos header from C:\WINDOWS\SYSTEM32\ntdll.dll
[0709/180143.089:ERROR:process_memory_win.cc(73)] ReadMemory at 0x7ff8b6870000 of 64 bytes failed: Only part of a ReadProcessMemory or WriteProcessMemory request was completed. (0x12B)
[0709/180143.089:WARNING:pe_image_reader.cc(340)] could not read dos header from C:\WINDOWS\System32\KERNEL32.DLL
[0709/180143.089:ERROR:process_memory_win.cc(73)] ReadMemory at 0x7ff8b43e0000 of 64 bytes failed: Only part of a ReadProcessMemory or WriteProcessMemory request was completed. (0x12B)
[0709/180143.089:WARNING:pe_image_reader.cc(340)] could not read dos header from C:\WINDOWS\System32\KERNELBASE.dll
[0709/180143.089:ERROR:process_memory_win.cc(73)] ReadMemory at 0x7ff89d540000 of 64 bytes failed: Only part of a ReadProcessMemory or WriteProcessMemory request was completed. (0x12B)
[0709/180143.089:WARNING:pe_image_reader.cc(340)] could not read dos header from C:\Program Files (x86)\Google\Chrome\Application\83.0.4103.116\chrome_elf.dll
[0709/180143.089:ERROR:process_memory_win.cc(73)] ReadMemory at 0x7ff8abc70000 of 64 bytes failed: Only part of a ReadProcessMemory or WriteProcessMemory request was completed. (0x12B)
[0709/180143.089:WARNING:pe_image_reader.cc(340)] could not read dos header from C:\WINDOWS\SYSTEM32\VERSION.dll
[0709/180143.089:ERROR:process_memory_win.cc(73)] ReadMemory at 0x7ff8b7190000 of 64 bytes failed: Only part of a ReadProcessMemory or WriteProcessMemory request was completed. (0x12B)
[0709/180143.089:WARNING:pe_image_reader.cc(340)] could not read dos header from C:\WINDOWS\System32\msvcrt.dll
[0709/180143.089:ERROR:process_memory_win.cc(73)] ReadMemory at 0x7ff8b4660000 of 64 bytes failed: Only part of a ReadProcessMemory or WriteProcessMemory request was completed. (0x12B)
[0709/180143.089:WARNING:pe_image_reader.cc(340)] could not read dos header from C:\WINDOWS\System32\bcryptPrimitives.dll
[0709/180143.089:ERROR:process_memory_win.cc(73)] ReadMemory at 0x7ff8b4ca0000 of 64 bytes failed: Only part of a ReadProcessMemory or WriteProcessMemory request was completed. (0x12B)
[0709/180143.090:WARNING:pe_image_reader.cc(340)] could not read dos header from C:\WINDOWS\System32\ADVAPI32.dll
[0709/180143.090:ERROR:process_memory_win.cc(73)] ReadMemory at 0x7ff8b4e00000 of 64 bytes failed: Only part of a ReadProcessMemory or WriteProcessMemory request was completed. (0x12B)
[0709/180143.090:WARNING:pe_image_reader.cc(340)] could not read dos header from C:\WINDOWS\System32\sechost.dll
[0709/180143.090:ERROR:process_memory_win.cc(73)] ReadMemory at 0x7ff8b6ea0000 of 64 bytes failed: Only part of a ReadProcessMemory or WriteProcessMemory request was completed. (0x12B)
[0709/180143.090:WARNING:pe_image_reader.cc(340)] could not read dos header from C:\WINDOWS\System32\RPCRT4.dll
[0709/180143.090:ERROR:process_memory_win.cc(73)] ReadMemory at 0x7ff876a90000 of 64 bytes failed: Only part of a ReadProcessMemory or WriteProcessMemory request was completed. (0x12B)
[0709/180143.090:WARNING:pe_image_reader.cc(340)] could not read dos header from C:\Program Files (x86)\Google\Chrome\Application\83.0.4103.116\chrome.dll
[0709/180143.090:ERROR:process_memory_win.cc(73)] ReadMemory at 0x7ff8b6600000 of 64 bytes failed: Only part of a ReadProcessMemory or WriteProcessMemory request was completed. (0x12B)
[0709/180143.090:WARNING:pe_image_reader.cc(340)] could not read dos header from C:\WINDOWS\System32\WS2_32.dll
[0709/180143.091:ERROR:process_memory_win.cc(73)] ReadMemory at 0x7ff8b5000000 of 64 bytes failed: Only part of a ReadProcessMemory or WriteProcessMemory request was completed. (0x12B)
[0709/180143.091:WARNING:pe_image_reader.cc(340)] could not read dos header from C:\WINDOWS\System32\OLEAUT32.dll
[0709/180143.091:ERROR:process_memory_win.cc(73)] ReadMemory at 0x7ff8b3ee0000 of 64 bytes failed: Only part of a ReadProcessMemory or WriteProcessMemory request was completed. (0x12B)
[0709/180143.091:WARNING:pe_image_reader.cc(340)] could not read dos header from C:\WINDOWS\System32\msvcp_win.dll
[0709/180143.091:ERROR:process_memory_win.cc(73)] ReadMemory at 0x7ff8b4790000 of 64 bytes failed: Only part of a ReadProcessMemory or WriteProcessMemory request was completed. (0x12B)
[0709/180143.091:WARNING:pe_image_reader.cc(340)] could not read dos header from C:\WINDOWS\System32\ucrtbase.dll
[0709/180143.091:ERROR:process_memory_win.cc(73)] ReadMemory at 0x7ff8b4970000 of 64 bytes failed: Only part of a ReadProcessMemory or WriteProcessMemory request was completed. (0x12B)
[0709/180143.091:WARNING:pe_image_reader.cc(340)] could not read dos header from C:\WINDOWS\System32\combase.dll
[0709/180143.091:ERROR:process_memory_win.cc(73)] ReadMemory at 0x7ff8b4190000 of 64 bytes failed: Only part of a ReadProcessMemory or WriteProcessMemory request was completed. (0x12B)
[0709/180143.091:WARNING:pe_image_reader.cc(340)] could not read dos header from C:\WINDOWS\System32\WINTRUST.dll
[0709/180143.091:ERROR:process_memory_win.cc(73)] ReadMemory at 0x7ff8b3770000 of 64 bytes failed: Only part of a ReadProcessMemory or WriteProcessMemory request was completed. (0x12B)
[0709/180143.091:WARNING:pe_image_reader.cc(340)] could not read dos header from C:\WINDOWS\System32\MSASN1.dll
[0709/180143.091:ERROR:process_memory_win.cc(73)] ReadMemory at 0x7ff8b3f80000 of 64 bytes failed: Only part of a ReadProcessMemory or WriteProcessMemory request was completed. (0x12B)
[0709/180143.091:WARNING:pe_image_reader.cc(340)] could not read dos header from C:\WINDOWS\System32\CRYPT32.dll
[0709/180143.091:ERROR:process_memory_win.cc(73)] ReadMemory at 0x7ff8b2cb0000 of 64 bytes failed: Only part of a ReadProcessMemory or WriteProcessMemory request was completed. (0x12B)
[0709/180143.091:WARNING:pe_image_reader.cc(340)] could not read dos header from C:\WINDOWS\SYSTEM32\IPHLPAPI.DLL
[0709/180143.091:ERROR:process_memory_win.cc(73)] ReadMemory at 0x7ff8af810000 of 64 bytes failed: Only part of a ReadProcessMemory or WriteProcessMemory request was completed. (0x12B)
[0709/180143.091:WARNING:pe_image_reader.cc(340)] could not read dos header from C:\WINDOWS\SYSTEM32\WINMM.dll
[0709/180143.091:ERROR:process_memory_win.cc(73)] ReadMemory at 0x7ff89c6f0000 of 64 bytes failed: Only part of a ReadProcessMemory or WriteProcessMemory request was completed. (0x12B)
[0709/180143.091:WARNING:pe_image_reader.cc(340)] could not read dos header from C:\WINDOWS\SYSTEM32\Secur32.dll
[0709/180143.091:ERROR:process_memory_win.cc(73)] ReadMemory at 0x7ff8b3610000 of 64 bytes failed: Only part of a ReadProcessMemory or WriteProcessMemory request was completed. (0x12B)
[0709/180143.091:WARNING:pe_image_reader.cc(340)] could not read dos header from C:\WINDOWS\SYSTEM32\USERENV.dll
[0709/180143.091:ERROR:process_memory_win.cc(73)] ReadMemory at 0x7ff8b37b0000 of 64 bytes failed: Only part of a ReadProcessMemory or WriteProcessMemory request was completed. (0x12B)
[0709/180143.092:WARNING:pe_image_reader.cc(340)] could not read dos header from C:\WINDOWS\System32\profapi.dll
[0709/180143.092:ERROR:process_memory_win.cc(73)] ReadMemory at 0x7ff8a6b40000 of 64 bytes failed: Only part of a ReadProcessMemory or WriteProcessMemory request was completed. (0x12B)
[0709/180143.092:WARNING:pe_image_reader.cc(340)] could not read dos header from C:\WINDOWS\SYSTEM32\UIAutomationCore.DLL
[0709/180143.092:ERROR:process_memory_win.cc(73)] ReadMemory at 0x7ff8aa570000 of 64 bytes failed: Only part of a ReadProcessMemory or WriteProcessMemory request was completed. (0x12B)
[0709/180143.092:WARNING:pe_image_reader.cc(340)] could not read dos header from C:\WINDOWS\SYSTEM32\DWrite.dll
[0709/180143.092:ERROR:process_memory_win.cc(73)] ReadMemory at 0x7ff88fff0000 of 64 bytes failed: Only part of a ReadProcessMemory or WriteProcessMemory request was completed. (0x12B)
[0709/180143.092:WARNING:pe_image_reader.cc(340)] could not read dos header from C:\WINDOWS\SYSTEM32\WINSPOOL.DRV
[0709/180143.092:ERROR:process_memory_win.cc(73)] ReadMemory at 0x7ff8b3790000 of 64 bytes failed: Only part of a ReadProcessMemory or WriteProcessMemory request was completed. (0x12B)
[0709/180143.092:WARNING:pe_image_reader.cc(340)] could not read dos header from C:\WINDOWS\System32\kernel.appcore.dll
[0709/180143.092:ERROR:process_memory_win.cc(73)] ReadMemory at 0x7ff8b2110000 of 64 bytes failed: Only part of a ReadProcessMemory or WriteProcessMemory request was completed. (0x12B)
[0709/180143.092:WARNING:pe_image_reader.cc(340)] could not read dos header from C:\WINDOWS\SYSTEM32\dbghelp.dll
[0709/180143.092:ERROR:process_memory_win.cc(73)] ReadMemory at 0x7ff8ab4b0000 of 64 bytes failed: Only part of a ReadProcessMemory or WriteProcessMemory request was completed. (0x12B)
[0709/180143.092:WARNING:pe_image_reader.cc(340)] could not read dos header from C:\WINDOWS\SYSTEM32\WINHTTP.dll
[0709/180143.092:ERROR:process_memory_win.cc(73)] ReadMemory at 0x7ff8ab480000 of 64 bytes failed: Only part of a ReadProcessMemory or WriteProcessMemory request was completed. (0x12B)
[0709/180143.092:WARNING:pe_image_reader.cc(340)] could not read dos header from C:\WINDOWS\SYSTEM32\dhcpcsvc.DLL
[0709/180143.092:ERROR:process_memory_win.cc(73)] ReadMemory at 0x7ff8b4d50000 of 64 bytes failed: Only part of a ReadProcessMemory or WriteProcessMemory request was completed. (0x12B)
[0709/180143.092:WARNING:pe_image_reader.cc(340)] could not read dos header from C:\WINDOWS\System32\NSI.dll
[0709/180143.092:ERROR:process_memory_win.cc(73)] ReadMemory at 0x7ff8af650000 of 64 bytes failed: Only part of a ReadProcessMemory or WriteProcessMemory request was completed. (0x12B)
[0709/180143.092:WARNING:pe_image_reader.cc(340)] could not read dos header from C:\WINDOWS\SYSTEM32\WINMMBASE.dll
[0709/180143.092:ERROR:process_memory_win.cc(73)] ReadMemory at 0x7ff8b4390000 of 64 bytes failed: Only part of a ReadProcessMemory or WriteProcessMemory request was completed. (0x12B)
[0709/180143.092:WARNING:pe_image_reader.cc(340)] could not read dos header from C:\WINDOWS\System32\cfgmgr32.dll
[0709/180143.092:ERROR:process_memory_win.cc(73)] ReadMemory at 0x7ff8b0b20000 of 64 bytes failed: Only part of a ReadProcessMemory or WriteProcessMemory request was completed. (0x12B)
[0709/180143.092:WARNING:pe_image_reader.cc(340)] could not read dos header from C:\WINDOWS\SYSTEM32\PROPSYS.dll
[0709/180143.092:ERROR:process_memory_win.cc(73)] ReadMemory at 0x7ff8b48c0000 of 64 bytes failed: Only part of a ReadProcessMemory or WriteProcessMemory request was completed. (0x12B)
[0709/180143.092:WARNING:pe_image_reader.cc(340)] could not read dos header from C:\WINDOWS\System32\shcore.dll
[0709/180143.092:ERROR:process_memory_win.cc(73)] ReadMemory at 0x7ff8b3210000 of 64 bytes failed: Only part of a ReadProcessMemory or WriteProcessMemory request was completed. (0x12B)
[0709/180143.093:WARNING:pe_image_reader.cc(340)] could not read dos header from C:\WINDOWS\SYSTEM32\bcrypt.dll
[0709/180143.093:ERROR:process_memory_win.cc(73)] ReadMemory at 0x7ff8b3640000 of 64 bytes failed: Only part of a ReadProcessMemory or WriteProcessMemory request was completed. (0x12B)
[0709/180143.093:WARNING:pe_image_reader.cc(340)] could not read dos header from C:\WINDOWS\SYSTEM32\SSPICLI.DLL
[0709/180143.093:ERROR:process_memory_win.cc(73)] ReadMemory at 0x7ff8b3100000 of 64 bytes failed: Only part of a ReadProcessMemory or WriteProcessMemory request was completed. (0x12B)
[0709/180143.093:WARNING:pe_image_reader.cc(340)] could not read dos header from C:\WINDOWS\SYSTEM32\CRYPTBASE.DLL
[0709/180143.093:ERROR:process_memory_win.cc(73)] ReadMemory at 0x7ff7464d0000 of 64 bytes failed: Only part of a ReadProcessMemory or WriteProcessMemory request was completed. (0x12B)
[0709/180143.093:WARNING:pe_image_reader.cc(340)] could not read dos header from C:\Program Files (x86)\Google\Chrome\Application\chrome.exe
[0709/180143.093:ERROR:process_memory_win.cc(73)] ReadMemory at 0x7ff8b7400000 of 64 bytes failed: Only part of a ReadProcessMemory or WriteProcessMemory request was completed. (0x12B)
[0709/180143.093:WARNING:pe_image_reader.cc(340)] could not read dos header from C:\WINDOWS\SYSTEM32\ntdll.dll
[0709/180143.093:ERROR:process_memory_win.cc(73)] ReadMemory at 0x7ff8b6870000 of 64 bytes failed: Only part of a ReadProcessMemory or WriteProcessMemory request was completed. (0x12B)
[0709/180143.093:WARNING:pe_image_reader.cc(340)] could not read dos header from C:\WINDOWS\System32\KERNEL32.DLL
[0709/180143.093:ERROR:process_memory_win.cc(73)] ReadMemory at 0x7ff8b43e0000 of 64 bytes failed: Only part of a ReadProcessMemory or WriteProcessMemory request was completed. (0x12B)
[0709/180143.093:WARNING:pe_image_reader.cc(340)] could not read dos header from C:\WINDOWS\System32\KERNELBASE.dll
[0709/180143.093:ERROR:process_memory_win.cc(73)] ReadMemory at 0x7ff89d540000 of 64 bytes failed: Only part of a ReadProcessMemory or WriteProcessMemory request was completed. (0x12B)
[0709/180143.093:WARNING:pe_image_reader.cc(340)] could not read dos header from C:\Program Files (x86)\Google\Chrome\Application\83.0.4103.116\chrome_elf.dll
[0709/180143.093:ERROR:process_memory_win.cc(73)] ReadMemory at 0x7ff8abc70000 of 64 bytes failed: Only part of a ReadProcessMemory or WriteProcessMemory request was completed. (0x12B)
[0709/180143.093:WARNING:pe_image_reader.cc(340)] could not read dos header from C:\WINDOWS\SYSTEM32\VERSION.dll
[0709/180143.093:ERROR:process_memory_win.cc(73)] ReadMemory at 0x7ff8b7190000 of 64 bytes failed: Only part of a ReadProcessMemory or WriteProcessMemory request was completed. (0x12B)
[0709/180143.093:WARNING:pe_image_reader.cc(340)] could not read dos header from C:\WINDOWS\System32\msvcrt.dll
[0709/180143.093:ERROR:process_memory_win.cc(73)] ReadMemory at 0x7ff8b4660000 of 64 bytes failed: Only part of a ReadProcessMemory or WriteProcessMemory request was completed. (0x12B)
[0709/180143.093:WARNING:pe_image_reader.cc(340)] could not read dos header from C:\WINDOWS\System32\bcryptPrimitives.dll
[0709/180143.093:ERROR:process_memory_win.cc(73)] ReadMemory at 0x7ff8b4ca0000 of 64 bytes failed: Only part of a ReadProcessMemory or WriteProcessMemory request was completed. (0x12B)
[0709/180143.093:WARNING:pe_image_reader.cc(340)] could not read dos header from C:\WINDOWS\System32\ADVAPI32.dll
[0709/180143.093:ERROR:process_memory_win.cc(73)] ReadMemory at 0x7ff8b4e00000 of 64 bytes failed: Only part of a ReadProcessMemory or WriteProcessMemory request was completed. (0x12B)
[0709/180143.094:WARNING:pe_image_reader.cc(340)] could not read dos header from C:\WINDOWS\System32\sechost.dll
[0709/180143.094:ERROR:process_memory_win.cc(73)] ReadMemory at 0x7ff8b6ea0000 of 64 bytes failed: Only part of a ReadProcessMemory or WriteProcessMemory request was completed. (0x12B)
[0709/180143.094:WARNING:pe_image_reader.cc(340)] could not read dos header from C:\WINDOWS\System32\RPCRT4.dll
[0709/180143.094:ERROR:process_memory_win.cc(73)] ReadMemory at 0x7ff876a90000 of 64 bytes failed: Only part of a ReadProcessMemory or WriteProcessMemory request was completed. (0x12B)
[0709/180143.094:WARNING:pe_image_reader.cc(340)] could not read dos header from C:\Program Files (x86)\Google\Chrome\Application\83.0.4103.116\chrome.dll
[0709/180143.094:ERROR:process_memory_win.cc(73)] ReadMemory at 0x7ff8b6600000 of 64 bytes failed: Only part of a ReadProcessMemory or WriteProcessMemory request was completed. (0x12B)
[0709/180143.094:WARNING:pe_image_reader.cc(340)] could not read dos header from C:\WINDOWS\System32\WS2_32.dll
[0709/180143.094:ERROR:process_memory_win.cc(73)] ReadMemory at 0x7ff8b5000000 of 64 bytes failed: Only part of a ReadProcessMemory or WriteProcessMemory request was completed. (0x12B)
[0709/180143.094:WARNING:pe_image_reader.cc(340)] could not read dos header from C:\WINDOWS\System32\OLEAUT32.dll
[0709/180143.094:ERROR:process_memory_win.cc(73)] ReadMemory at 0x7ff8b3ee0000 of 64 bytes failed: Only part of a ReadProcessMemory or WriteProcessMemory request was completed. (0x12B)
[0709/180143.094:WARNING:pe_image_reader.cc(340)] could not read dos header from C:\WINDOWS\System32\msvcp_win.dll
[0709/180143.094:ERROR:process_memory_win.cc(73)] ReadMemory at 0x7ff8b4790000 of 64 bytes failed: Only part of a ReadProcessMemory or WriteProcessMemory request was completed. (0x12B)
[0709/180143.094:WARNING:pe_image_reader.cc(340)] could not read dos header from C:\WINDOWS\System32\ucrtbase.dll
[0709/180143.094:ERROR:process_memory_win.cc(73)] ReadMemory at 0x7ff8b4970000 of 64 bytes failed: Only part of a ReadProcessMemory or WriteProcessMemory request was completed. (0x12B)
[0709/180143.094:WARNING:pe_image_reader.cc(340)] could not read dos header from C:\WINDOWS\System32\combase.dll
[0709/180143.094:ERROR:process_memory_win.cc(73)] ReadMemory at 0x7ff8b4190000 of 64 bytes failed: Only part of a ReadProcessMemory or WriteProcessMemory request was completed. (0x12B)
[0709/180143.094:WARNING:pe_image_reader.cc(340)] could not read dos header from C:\WINDOWS\System32\WINTRUST.dll
[0709/180143.094:ERROR:process_memory_win.cc(73)] ReadMemory at 0x7ff8b3770000 of 64 bytes failed: Only part of a ReadProcessMemory or WriteProcessMemory request was completed. (0x12B)
[0709/180143.094:WARNING:pe_image_reader.cc(340)] could not read dos header from C:\WINDOWS\System32\MSASN1.dll
[0709/180143.094:ERROR:process_memory_win.cc(73)] ReadMemory at 0x7ff8b3f80000 of 64 bytes failed: Only part of a ReadProcessMemory or WriteProcessMemory request was completed. (0x12B)
[0709/180143.094:WARNING:pe_image_reader.cc(340)] could not read dos header from C:\WINDOWS\System32\CRYPT32.dll
[0709/180143.094:ERROR:process_memory_win.cc(73)] ReadMemory at 0x7ff8b2cb0000 of 64 bytes failed: Only part of a ReadProcessMemory or WriteProcessMemory request was completed. (0x12B)
[0709/180143.094:WARNING:pe_image_reader.cc(340)] could not read dos header from C:\WINDOWS\SYSTEM32\IPHLPAPI.DLL
[0709/180143.095:ERROR:process_memory_win.cc(73)] ReadMemory at 0x7ff8af810000 of 64 bytes failed: Only part of a ReadProcessMemory or WriteProcessMemory request was completed. (0x12B)
[0709/180143.095:WARNING:pe_image_reader.cc(340)] could not read dos header from C:\WINDOWS\SYSTEM32\WINMM.dll
[0709/180143.095:ERROR:process_memory_win.cc(73)] ReadMemory at 0x7ff89c6f0000 of 64 bytes failed: Only part of a ReadProcessMemory or WriteProcessMemory request was completed. (0x12B)
[0709/180143.095:WARNING:pe_image_reader.cc(340)] could not read dos header from C:\WINDOWS\SYSTEM32\Secur32.dll
[0709/180143.095:ERROR:process_memory_win.cc(73)] ReadMemory at 0x7ff8b3610000 of 64 bytes failed: Only part of a ReadProcessMemory or WriteProcessMemory request was completed. (0x12B)
[0709/180143.095:WARNING:pe_image_reader.cc(340)] could not read dos header from C:\WINDOWS\SYSTEM32\USERENV.dll
[0709/180143.096:ERROR:process_memory_win.cc(73)] ReadMemory at 0x7ff8b37b0000 of 64 bytes failed: Only part of a ReadProcessMemory or WriteProcessMemory request was completed. (0x12B)
[0709/180143.096:WARNING:pe_image_reader.cc(340)] could not read dos header from C:\WINDOWS\System32\profapi.dll
[0709/180143.096:ERROR:process_memory_win.cc(73)] ReadMemory at 0x7ff8a6b40000 of 64 bytes failed: Only part of a ReadProcessMemory or WriteProcessMemory request was completed. (0x12B)
[0709/180143.096:WARNING:pe_image_reader.cc(340)] could not read dos header from C:\WINDOWS\SYSTEM32\UIAutomationCore.DLL
[0709/180143.096:ERROR:process_memory_win.cc(73)] ReadMemory at 0x7ff8aa570000 of 64 bytes failed: Only part of a ReadProcessMemory or WriteProcessMemory request was completed. (0x12B)
[0709/180143.096:WARNING:pe_image_reader.cc(340)] could not read dos header from C:\WINDOWS\SYSTEM32\DWrite.dll
[0709/180143.096:ERROR:process_memory_win.cc(73)] ReadMemory at 0x7ff88fff0000 of 64 bytes failed: Only part of a ReadProcessMemory or WriteProcessMemory request was completed. (0x12B)
[0709/180143.096:WARNING:pe_image_reader.cc(340)] could not read dos header from C:\WINDOWS\SYSTEM32\WINSPOOL.DRV
[0709/180143.096:ERROR:process_memory_win.cc(73)] ReadMemory at 0x7ff8b3790000 of 64 bytes failed: Only part of a ReadProcessMemory or WriteProcessMemory request was completed. (0x12B)
[0709/180143.096:WARNING:pe_image_reader.cc(340)] could not read dos header from C:\WINDOWS\System32\kernel.appcore.dll
[0709/180143.096:ERROR:process_memory_win.cc(73)] ReadMemory at 0x7ff8b2110000 of 64 bytes failed: Only part of a ReadProcessMemory or WriteProcessMemory request was completed. (0x12B)
[0709/180143.096:WARNING:pe_image_reader.cc(340)] could not read dos header from C:\WINDOWS\SYSTEM32\dbghelp.dll
[0709/180143.096:ERROR:process_memory_win.cc(73)] ReadMemory at 0x7ff8ab4b0000 of 64 bytes failed: Only part of a ReadProcessMemory or WriteProcessMemory request was completed. (0x12B)
[0709/180143.096:WARNING:pe_image_reader.cc(340)] could not read dos header from C:\WINDOWS\SYSTEM32\WINHTTP.dll
[0709/180143.096:ERROR:process_memory_win.cc(73)] ReadMemory at 0x7ff8ab480000 of 64 bytes failed: Only part of a ReadProcessMemory or WriteProcessMemory request was completed. (0x12B)
[0709/180143.096:WARNING:pe_image_reader.cc(340)] could not read dos header from C:\WINDOWS\SYSTEM32\dhcpcsvc.DLL
[0709/180143.096:ERROR:process_memory_win.cc(73)] ReadMemory at 0x7ff8b4d50000 of 64 bytes failed: Only part of a ReadProcessMemory or WriteProcessMemory request was completed. (0x12B)
[0709/180143.096:WARNING:pe_image_reader.cc(340)] could not read dos header from C:\WINDOWS\System32\NSI.dll
[0709/180143.096:ERROR:process_memory_win.cc(73)] ReadMemory at 0x7ff8af650000 of 64 bytes failed: Only part of a ReadProcessMemory or WriteProcessMemory request was completed. (0x12B)
[0709/180143.096:WARNING:pe_image_reader.cc(340)] could not read dos header from C:\WINDOWS\SYSTEM32\WINMMBASE.dll
[0709/180143.096:ERROR:process_memory_win.cc(73)] ReadMemory at 0x7ff8b4390000 of 64 bytes failed: Only part of a ReadProcessMemory or WriteProcessMemory request was completed. (0x12B)
[0709/180143.096:WARNING:pe_image_reader.cc(340)] could not read dos header from C:\WINDOWS\System32\cfgmgr32.dll
[0709/180143.096:ERROR:process_memory_win.cc(73)] ReadMemory at 0x7ff8b0b20000 of 64 bytes failed: Only part of a ReadProcessMemory or WriteProcessMemory request was completed. (0x12B)
[0709/180143.097:WARNING:pe_image_reader.cc(340)] could not read dos header from C:\WINDOWS\SYSTEM32\PROPSYS.dll
[0709/180143.097:ERROR:process_memory_win.cc(73)] ReadMemory at 0x7ff8b48c0000 of 64 bytes failed: Only part of a ReadProcessMemory or WriteProcessMemory request was completed. (0x12B)
[0709/180143.097:WARNING:pe_image_reader.cc(340)] could not read dos header from C:\WINDOWS\System32\shcore.dll
[0709/180143.098:ERROR:process_memory_win.cc(73)] ReadMemory at 0x7ff8b3210000 of 64 bytes failed: Only part of a ReadProcessMemory or WriteProcessMemory request was completed. (0x12B)
[0709/180143.098:WARNING:pe_image_reader.cc(340)] could not read dos header from C:\WINDOWS\SYSTEM32\bcrypt.dll
[0709/180143.098:ERROR:process_memory_win.cc(73)] ReadMemory at 0x7ff8b3640000 of 64 bytes failed: Only part of a ReadProcessMemory or WriteProcessMemory request was completed. (0x12B)
[0709/180143.098:WARNING:pe_image_reader.cc(340)] could not read dos header from C:\WINDOWS\SYSTEM32\SSPICLI.DLL
[0709/180143.098:ERROR:process_memory_win.cc(73)] ReadMemory at 0x7ff8b3100000 of 64 bytes failed: Only part of a ReadProcessMemory or WriteProcessMemory request was completed. (0x12B)
[0709/180143.098:WARNING:pe_image_reader.cc(340)] could not read dos header from C:\WINDOWS\SYSTEM32\CRYPTBASE.DLL
[0709/180143.150:ERROR:process_memory_win.cc(73)] ReadMemory at 0x6a74ff2000 of 57344 bytes failed: Only part of a ReadProcessMemory or WriteProcessMemory request was completed. (0x12B)
[0709/180143.150:ERROR:process_memory_win.cc(73)] ReadMemory at 0x6a757ff000 of 4096 bytes failed: Only part of a ReadProcessMemory or WriteProcessMemory request was completed. (0x12B)
[0709/180143.150:ERROR:process_memory_win.cc(73)] ReadMemory at 0x6a75ffd000 of 12288 bytes failed: Only part of a ReadProcessMemory or WriteProcessMemory request was completed. (0x12B)
[0709/180143.150:ERROR:process_memory_win.cc(73)] ReadMemory at 0x6a767f9000 of 28672 bytes failed: Only part of a ReadProcessMemory or WriteProcessMemory request was completed. (0x12B)
[0709/180143.150:ERROR:process_memory_win.cc(73)] ReadMemory at 0x6a76ffc000 of 16384 bytes failed: Only part of a ReadProcessMemory or WriteProcessMemory request was completed. (0x12B)
[0709/180143.150:ERROR:process_memory_win.cc(73)] ReadMemory at 0x6a777fb000 of 20480 bytes failed: Only part of a ReadProcessMemory or WriteProcessMemory request was completed. (0x12B)
[0709/180143.150:ERROR:process_memory_win.cc(73)] ReadMemory at 0x6a77ffe000 of 8192 bytes failed: Only part of a ReadProcessMemory or WriteProcessMemory request was completed. (0x12B)
[0709/180143.150:ERROR:process_memory_win.cc(73)] ReadMemory at 0x6a787fd000 of 12288 bytes failed: Only part of a ReadProcessMemory or WriteProcessMemory request was completed. (0x12B)
[0709/180143.150:ERROR:process_memory_win.cc(73)] ReadMemory at 0x6a78ffb000 of 20480 bytes failed: Only part of a ReadProcessMemory or WriteProcessMemory request was completed. (0x12B)
[0709/180143.151:ERROR:process_memory_win.cc(73)] ReadMemory at 0x6a79ffd000 of 12288 bytes failed: Only part of a ReadProcessMemory or WriteProcessMemory request was completed. (0x12B)
[0709/180143.151:ERROR:process_memory_win.cc(73)] ReadMemory at 0x6a7a7fa000 of 24576 bytes failed: Only part of a ReadProcessMemory or WriteProcessMemory request was completed. (0x12B)
[0709/180143.151:ERROR:process_memory_win.cc(73)] ReadMemory at 0x6a7aff8000 of 32768 bytes failed: Only part of a ReadProcessMemory or WriteProcessMemory request was completed. (0x12B)
[0709/180143.151:ERROR:process_memory_win.cc(73)] ReadMemory at 0x6a7b7fa000 of 24576 bytes failed: Only part of a ReadProcessMemory or WriteProcessMemory request was completed. (0x12B)
[0709/180143.151:ERROR:process_memory_win.cc(73)] ReadMemory at 0x6a7bff9000 of 28672 bytes failed: Only part of a ReadProcessMemory or WriteProcessMemory request was completed. (0x12B)
[0709/180143.151:ERROR:process_memory_win.cc(73)] ReadMemory at 0x6a7c7fc000 of 16384 bytes failed: Only part of a ReadProcessMemory or WriteProcessMemory request was completed. (0x12B)
[0709/180143.151:ERROR:process_memory_win.cc(73)] ReadMemory at 0x6a797fd000 of 12288 bytes failed: Only part of a ReadProcessMemory or WriteProcessMemory request was completed. (0x12B)
[0709/180143.151:ERROR:process_memory_win.cc(73)] ReadMemory at 0x6a74646000 of 852 bytes failed: Only part of a ReadProcessMemory or WriteProcessMemory request was completed. (0x12B)
[0709/180143.151:ERROR:process_memory_win.cc(73)] ReadMemory at 0x6a74647000 of 6024 bytes failed: Only part of a ReadProcessMemory or WriteProcessMemory request was completed. (0x12B)
[0709/180143.151:ERROR:process_memory_win.cc(73)] ReadMemory at 0x6a74649000 of 6024 bytes failed: Only part of a ReadProcessMemory or WriteProcessMemory request was completed. (0x12B)
[0709/180143.151:ERROR:process_memory_win.cc(73)] ReadMemory at 0x6a7464b000 of 6024 bytes failed: Only part of a ReadProcessMemory or WriteProcessMemory request was completed. (0x12B)
[0709/180143.151:ERROR:process_memory_win.cc(73)] ReadMemory at 0x6a7464d000 of 6024 bytes failed: Only part of a ReadProcessMemory or WriteProcessMemory request was completed. (0x12B)
[0709/180143.151:ERROR:process_memory_win.cc(73)] ReadMemory at 0x6a7464f000 of 6024 bytes failed: Only part of a ReadProcessMemory or WriteProcessMemory request was completed. (0x12B)
[0709/180143.151:ERROR:process_memory_win.cc(73)] ReadMemory at 0x6a74651000 of 6024 bytes failed: Only part of a ReadProcessMemory or WriteProcessMemory request was completed. (0x12B)
[0709/180143.152:ERROR:process_memory_win.cc(73)] ReadMemory at 0x6a74653000 of 6024 bytes failed: Only part of a ReadProcessMemory or WriteProcessMemory request was completed. (0x12B)
[0709/180143.152:ERROR:process_memory_win.cc(73)] ReadMemory at 0x6a74655000 of 6024 bytes failed: Only part of a ReadProcessMemory or WriteProcessMemory request was completed. (0x12B)
[0709/180143.152:ERROR:process_memory_win.cc(73)] ReadMemory at 0x6a74657000 of 6024 bytes failed: Only part of a ReadProcessMemory or WriteProcessMemory request was completed. (0x12B)
[0709/180143.152:ERROR:process_memory_win.cc(73)] ReadMemory at 0x6a7465b000 of 6024 bytes failed: Only part of a ReadProcessMemory or WriteProcessMemory request was completed. (0x12B)
[0709/180143.152:ERROR:process_memory_win.cc(73)] ReadMemory at 0x6a7465d000 of 6024 bytes failed: Only part of a ReadProcessMemory or WriteProcessMemory request was completed. (0x12B)
[0709/180143.152:ERROR:process_memory_win.cc(73)] ReadMemory at 0x6a7465f000 of 6024 bytes failed: Only part of a ReadProcessMemory or WriteProcessMemory request was completed. (0x12B)
[0709/180143.152:ERROR:process_memory_win.cc(73)] ReadMemory at 0x6a74661000 of 6024 bytes failed: Only part of a ReadProcessMemory or WriteProcessMemory request was completed. (0x12B)
[0709/180143.152:ERROR:process_memory_win.cc(73)] ReadMemory at 0x6a74663000 of 6024 bytes failed: Only part of a ReadProcessMemory or WriteProcessMemory request was completed. (0x12B)
[0709/180143.152:ERROR:process_memory_win.cc(73)] ReadMemory at 0x6a74665000 of 6024 bytes failed: Only part of a ReadProcessMemory or WriteProcessMemory request was completed. (0x12B)
[0709/180143.152:ERROR:process_memory_win.cc(73)] ReadMemory at 0x6a74667000 of 6024 bytes failed: Only part of a ReadProcessMemory or WriteProcessMemory request was completed. (0x12B)
[0709/180143.152:ERROR:process_memory_win.cc(73)] ReadMemory at 0x1ed00640e80 of 512 bytes failed: Only part of a ReadProcessMemory or WriteProcessMemory request was completed. (0x12B)
[0709/180143.152:ERROR:process_memory_win.cc(73)] ReadMemory at 0x1ed00641780 of 512 bytes failed: Only part of a ReadProcessMemory or WriteProcessMemory request was completed. (0x12B)
[0709/180143.152:ERROR:process_memory_win.cc(73)] ReadMemory at 0x1ed006e5030 of 512 bytes failed: Only part of a ReadProcessMemory or WriteProcessMemory request was completed. (0x12B)
[0709/180143.152:ERROR:process_memory_win.cc(73)] ReadMemory at 0x1ed006e5770 of 512 bytes failed: Only part of a ReadProcessMemory or WriteProcessMemory request was completed. (0x12B)
[0709/180143.153:ERROR:process_memory_win.cc(73)] ReadMemory at 0x1ed006e7030 of 512 bytes failed: Only part of a ReadProcessMemory or WriteProcessMemory request was completed. (0x12B)
[0709/180143.153:ERROR:process_memory_win.cc(73)] ReadMemory at 0x1ed00713c90 of 512 bytes failed: Only part of a ReadProcessMemory or WriteProcessMemory request was completed. (0x12B)
[0709/180143.153:ERROR:process_memory_win.cc(73)] ReadMemory at 0x1ed0071ba90 of 512 bytes failed: Only part of a ReadProcessMemory or WriteProcessMemory request was completed. (0x12B)
[0709/180143.153:ERROR:process_memory_win.cc(73)] ReadMemory at 0x1ed0072a320 of 1184 bytes failed: Only part of a ReadProcessMemory or WriteProcessMemory request was completed. (0x12B)
[0709/180143.153:ERROR:process_memory_win.cc(73)] ReadMemory at 0x1ed007d41d0 of 512 bytes failed: Only part of a ReadProcessMemory or WriteProcessMemory request was completed. (0x12B)
[0709/180143.153:ERROR:process_memory_win.cc(73)] ReadMemory at 0x1ed007d6fa8 of 512 bytes failed: Only part of a ReadProcessMemory or WriteProcessMemory request was completed. (0x12B)
[0709/180143.153:ERROR:process_memory_win.cc(73)] ReadMemory at 0x1ed01d70000 of 384 bytes failed: Only part of a ReadProcessMemory or WriteProcessMemory request was completed. (0x12B)
[0709/180143.153:ERROR:process_memory_win.cc(73)] ReadMemory at 0x1ed01d7a230 of 512 bytes failed: Only part of a ReadProcessMemory or WriteProcessMemory request was completed. (0x12B)
[0709/180143.153:ERROR:process_memory_win.cc(73)] ReadMemory at 0x1ed01d83660 of 512 bytes failed: Only part of a ReadProcessMemory or WriteProcessMemory request was completed. (0x12B)
[0709/180143.153:ERROR:process_memory_win.cc(73)] ReadMemory at 0x1ed023ee3ff of 512 bytes failed: Only part of a ReadProcessMemory or WriteProcessMemory request was completed. (0x12B)
[0709/180143.153:ERROR:process_memory_win.cc(73)] ReadMemory at 0x1ed5ef20ab0 of 512 bytes failed: Only part of a ReadProcessMemory or WriteProcessMemory request was completed. (0x12B)
[0709/180143.153:ERROR:process_memory_win.cc(73)] ReadMemory at 0x1ed5ef20fc0 of 18004 bytes failed: Only part of a ReadProcessMemory or WriteProcessMemory request was completed. (0x12B)
[0709/180143.154:ERROR:process_memory_win.cc(73)] ReadMemory at 0x1ed5ef25620 of 1012 bytes failed: Only part of a ReadProcessMemory or WriteProcessMemory request was completed. (0x12B)
[0709/180143.154:ERROR:process_memory_win.cc(73)] ReadMemory at 0x1ed5ef25c38 of 118 bytes failed: Only part of a ReadProcessMemory or WriteProcessMemory request was completed. (0x12B)
[0709/180143.154:ERROR:process_memory_win.cc(73)] ReadMemory at 0x1ed5ef25cb0 of 806 bytes failed: Only part of a ReadProcessMemory or WriteProcessMemory request was completed. (0x12B)
[0709/180143.154:ERROR:process_memory_win.cc(73)] ReadMemory at 0x1ed5ef25fd8 of 118 bytes failed: Only part of a ReadProcessMemory or WriteProcessMemory request was completed. (0x12B)
[0709/180143.154:ERROR:process_memory_win.cc(73)] ReadMemory at 0x1ed5ef26050 of 102 bytes failed: Only part of a ReadProcessMemory or WriteProcessMemory request was completed. (0x12B)
[0709/180143.154:ERROR:process_memory_win.cc(73)] ReadMemory at 0x1ed5ef260d0 of 58 bytes failed: Only part of a ReadProcessMemory or WriteProcessMemory request was completed. (0x12B)
[0709/180143.154:ERROR:process_memory_win.cc(73)] ReadMemory at 0x1ed5ef261d0 of 132 bytes failed: Only part of a ReadProcessMemory or WriteProcessMemory request was completed. (0x12B)
[0709/180143.154:ERROR:process_memory_win.cc(73)] ReadMemory at 0x1ed5ef26360 of 132 bytes failed: Only part of a ReadProcessMemory or WriteProcessMemory request was completed. (0x12B)
[0709/180143.154:ERROR:process_memory_win.cc(73)] ReadMemory at 0x1ed5ef26520 of 126 bytes failed: Only part of a ReadProcessMemory or WriteProcessMemory request was completed. (0x12B)
[0709/180143.154:ERROR:process_memory_win.cc(73)] ReadMemory at 0x1ed5ef26900 of 132 bytes failed: Only part of a ReadProcessMemory or WriteProcessMemory request was completed. (0x12B)
[0709/180143.154:ERROR:process_memory_win.cc(73)] ReadMemory at 0x1ed5ef26a90 of 64 bytes failed: Only part of a ReadProcessMemory or WriteProcessMemory request was completed. (0x12B)
[0709/180143.154:ERROR:process_memory_win.cc(73)] ReadMemory at 0x1ed5ef26ae0 of 132 bytes failed: Only part of a ReadProcessMemory or WriteProcessMemory request was completed. (0x12B)
[0709/180143.154:ERROR:process_memory_win.cc(73)] ReadMemory at 0x1ed5ef26c10 of 146 bytes failed: Only part of a ReadProcessMemory or WriteProcessMemory request was completed. (0x12B)
[0709/180143.155:ERROR:process_memory_win.cc(73)] ReadMemory at 0x1ed5ef26ee0 of 132 bytes failed: Only part of a ReadProcessMemory or WriteProcessMemory request was completed. (0x12B)
[0709/180143.155:ERROR:process_memory_win.cc(73)] ReadMemory at 0x1ed5ef27070 of 68 bytes failed: Only part of a ReadProcessMemory or WriteProcessMemory request was completed. (0x12B)
[0709/180143.155:ERROR:process_memory_win.cc(73)] ReadMemory at 0x1ed5ef27e40 of 132 bytes failed: Only part of a ReadProcessMemory or WriteProcessMemory request was completed. (0x12B)
[0709/180143.155:ERROR:process_memory_win.cc(73)] ReadMemory at 0x1ed5ef27fb0 of 132 bytes failed: Only part of a ReadProcessMemory or WriteProcessMemory request was completed. (0x12B)
[0709/180143.155:ERROR:process_memory_win.cc(73)] ReadMemory at 0x1ed5ef280e0 of 154 bytes failed: Only part of a ReadProcessMemory or WriteProcessMemory request was completed. (0x12B)
[0709/180143.155:ERROR:process_memory_win.cc(73)] ReadMemory at 0x1ed5ef28cd0 of 132 bytes failed: Only part of a ReadProcessMemory or WriteProcessMemory request was completed. (0x12B)
[0709/180143.155:ERROR:process_memory_win.cc(73)] ReadMemory at 0x1ed5ef28f00 of 62 bytes failed: Only part of a ReadProcessMemory or WriteProcessMemory request was completed. (0x12B)
[0709/180143.155:ERROR:process_memory_win.cc(73)] ReadMemory at 0x1ed5ef29030 of 132 bytes failed: Only part of a ReadProcessMemory or WriteProcessMemory request was completed. (0x12B)
[0709/180143.155:ERROR:process_memory_win.cc(73)] ReadMemory at 0x1ed5ef291c0 of 60 bytes failed: Only part of a ReadProcessMemory or WriteProcessMemory request was completed. (0x12B)
[0709/180143.155:ERROR:process_memory_win.cc(73)] ReadMemory at 0x1ed5ef2e6f0 of 132 bytes failed: Only part of a ReadProcessMemory or WriteProcessMemory request was completed. (0x12B)
[0709/180143.155:ERROR:process_memory_win.cc(73)] ReadMemory at 0x1ed5ef2e820 of 132 bytes failed: Only part of a ReadProcessMemory or WriteProcessMemory request was completed. (0x12B)
[0709/180143.155:ERROR:process_memory_win.cc(73)] ReadMemory at 0x1ed5ef2e9b0 of 80 bytes failed: Only part of a ReadProcessMemory or WriteProcessMemory request was completed. (0x12B)
[0709/180143.155:ERROR:process_memory_win.cc(73)] ReadMemory at 0x1ed5ef2eba0 of 64 bytes failed: Only part of a ReadProcessMemory or WriteProcessMemory request was completed. (0x12B)
[0709/180143.155:ERROR:process_memory_win.cc(73)] ReadMemory at 0x1ed5ef2ebf0 of 60 bytes failed: Only part of a ReadProcessMemory or WriteProcessMemory request was completed. (0x12B)
[0709/180143.156:ERROR:process_memory_win.cc(73)] ReadMemory at 0x1ed5ef2ec40 of 62 bytes failed: Only part of a ReadProcessMemory or WriteProcessMemory request was completed. (0x12B)
[0709/180143.156:ERROR:process_memory_win.cc(73)] ReadMemory at 0x1ed5ef2ece0 of 62 bytes failed: Only part of a ReadProcessMemory or WriteProcessMemory request was completed. (0x12B)
[0709/180143.156:ERROR:process_memory_win.cc(73)] ReadMemory at 0x1ed5ef2ed30 of 66 bytes failed: Only part of a ReadProcessMemory or WriteProcessMemory request was completed. (0x12B)
[0709/180143.156:ERROR:process_memory_win.cc(73)] ReadMemory at 0x1ed5ef2ed80 of 60 bytes failed: Only part of a ReadProcessMemory or WriteProcessMemory request was completed. (0x12B)
[0709/180143.156:ERROR:process_memory_win.cc(73)] ReadMemory at 0x1ed5ef2edd0 of 62 bytes failed: Only part of a ReadProcessMemory or WriteProcessMemory request was completed. (0x12B)
[0709/180143.156:ERROR:process_memory_win.cc(73)] ReadMemory at 0x1ed5ef2ee20 of 62 bytes failed: Only part of a ReadProcessMemory or WriteProcessMemory request was completed. (0x12B)
[0709/180143.156:ERROR:process_memory_win.cc(73)] ReadMemory at 0x1ed5ef2ee70 of 64 bytes failed: Only part of a ReadProcessMemory or WriteProcessMemory request was completed. (0x12B)
[0709/180143.156:ERROR:process_memory_win.cc(73)] ReadMemory at 0x1ed5ef2ef10 of 64 bytes failed: Only part of a ReadProcessMemory or WriteProcessMemory request was completed. (0x12B)
[0709/180143.156:ERROR:process_memory_win.cc(73)] ReadMemory at 0x1ed5ef2efb0 of 58 bytes failed: Only part of a ReadProcessMemory or WriteProcessMemory request was completed. (0x12B)
[0709/180143.156:ERROR:process_memory_win.cc(73)] ReadMemory at 0x1ed5ef2f000 of 60 bytes failed: Only part of a ReadProcessMemory or WriteProcessMemory request was completed. (0x12B)
[0709/180143.156:ERROR:process_memory_win.cc(73)] ReadMemory at 0x1ed5ef2f050 of 62 bytes failed: Only part of a ReadProcessMemory or WriteProcessMemory request was completed. (0x12B)
[0709/180143.156:ERROR:process_memory_win.cc(73)] ReadMemory at 0x1ed5ef2f0a0 of 62 bytes failed: Only part of a ReadProcessMemory or WriteProcessMemory request was completed. (0x12B)
[0709/180143.156:ERROR:process_memory_win.cc(73)] ReadMemory at 0x1ed5ef2f0f0 of 62 bytes failed: Only part of a ReadProcessMemory or WriteProcessMemory request was completed. (0x12B)
[0709/180143.156:ERROR:process_memory_win.cc(73)] ReadMemory at 0x1ed5ef2f140 of 62 bytes failed: Only part of a ReadProcessMemory or WriteProcessMemory request was completed. (0x12B)
[0709/180143.156:ERROR:process_memory_win.cc(73)] ReadMemory at 0x1ed5ef2f190 of 64 bytes failed: Only part of a ReadProcessMemory or WriteProcessMemory request was completed. (0x12B)
[0709/180143.157:ERROR:process_memory_win.cc(73)] ReadMemory at 0x1ed5ef2f1e0 of 64 bytes failed: Only part of a ReadProcessMemory or WriteProcessMemory request was completed. (0x12B)
[0709/180143.157:ERROR:process_memory_win.cc(73)] ReadMemory at 0x1ed5ef2f230 of 64 bytes failed: Only part of a ReadProcessMemory or WriteProcessMemory request was completed. (0x12B)
[0709/180143.157:ERROR:process_memory_win.cc(73)] ReadMemory at 0x1ed5ef2f280 of 60 bytes failed: Only part of a ReadProcessMemory or WriteProcessMemory request was completed. (0x12B)
[0709/180143.157:ERROR:process_memory_win.cc(73)] ReadMemory at 0x1ed5ef32ba0 of 54 bytes failed: Only part of a ReadProcessMemory or WriteProcessMemory request was completed. (0x12B)
[0709/180143.157:ERROR:process_memory_win.cc(73)] ReadMemory at 0x1ed5ef333b0 of 132 bytes failed: Only part of a ReadProcessMemory or WriteProcessMemory request was completed. (0x12B)
[0709/180143.157:ERROR:process_memory_win.cc(73)] ReadMemory at 0x1ed5ef334e0 of 132 bytes failed: Only part of a ReadProcessMemory or WriteProcessMemory request was completed. (0x12B)
[0709/180143.157:ERROR:process_memory_win.cc(73)] ReadMemory at 0x1ed5ef33610 of 132 bytes failed: Only part of a ReadProcessMemory or WriteProcessMemory request was completed. (0x12B)
[0709/180143.157:ERROR:process_memory_win.cc(73)] ReadMemory at 0x1ed5ef33740 of 132 bytes failed: Only part of a ReadProcessMemory or WriteProcessMemory request was completed. (0x12B)
[0709/180143.157:ERROR:process_memory_win.cc(73)] ReadMemory at 0x1ed5ef33870 of 132 bytes failed: Only part of a ReadProcessMemory or WriteProcessMemory request was completed. (0x12B)
[0709/180143.157:ERROR:process_memory_win.cc(73)] ReadMemory at 0x1ed5ef339a0 of 132 bytes failed: Only part of a ReadProcessMemory or WriteProcessMemory request was completed. (0x12B)
[0709/180143.157:ERROR:process_memory_win.cc(73)] ReadMemory at 0x1ed5ef33ad0 of 132 bytes failed: Only part of a ReadProcessMemory or WriteProcessMemory request was completed. (0x12B)
[0709/180143.157:ERROR:process_memory_win.cc(73)] ReadMemory at 0x1ed5ef33d30 of 132 bytes failed: Only part of a ReadProcessMemory or WriteProcessMemory request was completed. (0x12B)
[0709/180143.157:ERROR:process_memory_win.cc(73)] ReadMemory at 0x1ed5ef33e60 of 132 bytes failed: Only part of a ReadProcessMemory or WriteProcessMemory request was completed. (0x12B)
[0709/180143.157:ERROR:process_memory_win.cc(73)] ReadMemory at 0x1ed5ef33f90 of 132 bytes failed: Only part of a ReadProcessMemory or WriteProcessMemory request was completed. (0x12B)
[0709/180143.157:ERROR:process_memory_win.cc(73)] ReadMemory at 0x1ed5ef340c0 of 132 bytes failed: Only part of a ReadProcessMemory or WriteProcessMemory request was completed. (0x12B)
[0709/180143.157:ERROR:process_memory_win.cc(73)] ReadMemory at 0x1ed5ef341f0 of 132 bytes failed: Only part of a ReadProcessMemory or WriteProcessMemory request was completed. (0x12B)
[0709/180143.157:ERROR:process_memory_win.cc(73)] ReadMemory at 0x1ed5ef35390 of 132 bytes failed: Only part of a ReadProcessMemory or WriteProcessMemory request was completed. (0x12B)
[0709/180143.157:ERROR:process_memory_win.cc(73)] ReadMemory at 0x1ed5ef37d40 of 80 bytes failed: Only part of a ReadProcessMemory or WriteProcessMemory request was completed. (0x12B)
[0709/180143.157:ERROR:process_memory_win.cc(73)] ReadMemory at 0x1ed5ef37e60 of 76 bytes failed: Only part of a ReadProcessMemory or WriteProcessMemory request was completed. (0x12B)
[0709/180143.158:ERROR:process_memory_win.cc(73)] ReadMemory at 0x1ed5ef39510 of 132 bytes failed: Only part of a ReadProcessMemory or WriteProcessMemory request was completed. (0x12B)
[0709/180143.158:ERROR:process_memory_win.cc(73)] ReadMemory at 0x1ed5ef39730 of 132 bytes failed: Only part of a ReadProcessMemory or WriteProcessMemory request was completed. (0x12B)
[0709/180143.158:ERROR:process_memory_win.cc(73)] ReadMemory at 0x1ed5ef39a90 of 132 bytes failed: Only part of a ReadProcessMemory or WriteProcessMemory request was completed. (0x12B)
[0709/180143.158:ERROR:process_memory_win.cc(73)] ReadMemory at 0x1ed5ef39bc0 of 132 bytes failed: Only part of a ReadProcessMemory or WriteProcessMemory request was completed. (0x12B)
[0709/180143.158:ERROR:process_memory_win.cc(73)] ReadMemory at 0x1ed5ef3b8f0 of 512 bytes failed: Only part of a ReadProcessMemory or WriteProcessMemory request was completed. (0x12B)
[0709/180143.158:ERROR:process_memory_win.cc(73)] ReadMemory at 0x1ed5ef3be70 of 132 bytes failed: Only part of a ReadProcessMemory or WriteProcessMemory request was completed. (0x12B)
[0709/180143.158:ERROR:process_memory_win.cc(73)] ReadMemory at 0x1ed5ef3c840 of 132 bytes failed: Only part of a ReadProcessMemory or WriteProcessMemory request was completed. (0x12B)
[0709/180143.158:ERROR:process_memory_win.cc(73)] ReadMemory at 0x1ed5ef3cbd0 of 132 bytes failed: Only part of a ReadProcessMemory or WriteProcessMemory request was completed. (0x12B)
[0709/180143.158:ERROR:process_memory_win.cc(73)] ReadMemory at 0x1ed5ef3cd00 of 132 bytes failed: Only part of a ReadProcessMemory or WriteProcessMemory request was completed. (0x12B)
[0709/180143.158:ERROR:process_memory_win.cc(73)] ReadMemory at 0x1ed5ef3d1c0 of 132 bytes failed: Only part of a ReadProcessMemory or WriteProcessMemory request was completed. (0x12B)
[0709/180143.158:ERROR:process_memory_win.cc(73)] ReadMemory at 0x1ed5ef3d2f0 of 132 bytes failed: Only part of a ReadProcessMemory or WriteProcessMemory request was completed. (0x12B)
[0709/180143.158:ERROR:process_memory_win.cc(73)] ReadMemory at 0x1ed5ef3d420 of 132 bytes failed: Only part of a ReadProcessMemory or WriteProcessMemory request was completed. (0x12B)
[0709/180143.158:ERROR:process_memory_win.cc(73)] ReadMemory at 0x1ed5ef3d550 of 132 bytes failed: Only part of a ReadProcessMemory or WriteProcessMemory request was completed. (0x12B)
[0709/180143.158:ERROR:process_memory_win.cc(73)] ReadMemory at 0x1ed5ef3da10 of 132 bytes failed: Only part of a ReadProcessMemory or WriteProcessMemory request was completed. (0x12B)
[0709/180143.158:ERROR:process_memory_win.cc(73)] ReadMemory at 0x1ed5ef3db40 of 132 bytes failed: Only part of a ReadProcessMemory or WriteProcessMemory request was completed. (0x12B)
[0709/180143.158:ERROR:process_memory_win.cc(73)] ReadMemory at 0x1ed5ef3dc70 of 132 bytes failed: Only part of a ReadProcessMemory or WriteProcessMemory request was completed. (0x12B)
[0709/180143.158:ERROR:process_memory_win.cc(73)] ReadMemory at 0x1ed5ef3f350 of 66 bytes failed: Only part of a ReadProcessMemory or WriteProcessMemory request was completed. (0x12B)
[0709/180143.158:ERROR:process_memory_win.cc(73)] ReadMemory at 0x1ed5ef3f3a0 of 64 bytes failed: Only part of a ReadProcessMemory or WriteProcessMemory request was completed. (0x12B)
[0709/180143.158:ERROR:process_memory_win.cc(73)] ReadMemory at 0x1ed5ef3f3f0 of 60 bytes failed: Only part of a ReadProcessMemory or WriteProcessMemory request was completed. (0x12B)
[0709/180143.159:ERROR:process_memory_win.cc(73)] ReadMemory at 0x1ed5ef3f440 of 62 bytes failed: Only part of a ReadProcessMemory or WriteProcessMemory request was completed. (0x12B)
[0709/180143.159:ERROR:process_memory_win.cc(73)] ReadMemory at 0x1ed5ef3fbc0 of 64 bytes failed: Only part of a ReadProcessMemory or WriteProcessMemory request was completed. (0x12B)
[0709/180143.159:ERROR:process_memory_win.cc(73)] ReadMemory at 0x1ed5ef3fd00 of 60 bytes failed: Only part of a ReadProcessMemory or WriteProcessMemory request was completed. (0x12B)
[0709/180143.159:ERROR:process_memory_win.cc(73)] ReadMemory at 0x1ed5ef3fd50 of 62 bytes failed: Only part of a ReadProcessMemory or WriteProcessMemory request was completed. (0x12B)
[0709/180143.159:ERROR:process_memory_win.cc(73)] ReadMemory at 0x1ed5ef53250 of 512 bytes failed: Only part of a ReadProcessMemory or WriteProcessMemory request was completed. (0x12B)
[0709/180143.159:ERROR:process_memory_win.cc(73)] ReadMemory at 0x1ed5ef541c0 of 512 bytes failed: Only part of a ReadProcessMemory or WriteProcessMemory request was completed. (0x12B)
[0709/180143.159:ERROR:process_memory_win.cc(73)] ReadMemory at 0x2f3400000000 of 384 bytes failed: Only part of a ReadProcessMemory or WriteProcessMemory request was completed. (0x12B)
[0709/180143.159:ERROR:process_memory_win.cc(73)] ReadMemory at 0x72b987e51180 of 512 bytes failed: Only part of a ReadProcessMemory or WriteProcessMemory request was completed. (0x12B)
[0709/180143.159:ERROR:process_memory_win.cc(73)] ReadMemory at 0x7ff876a90000 of 384 bytes failed: Only part of a ReadProcessMemory or WriteProcessMemory request was completed. (0x12B)
[0709/180143.159:ERROR:process_memory_win.cc(73)] ReadMemory at 0x7ff878ca3f9c of 512 bytes failed: Only part of a ReadProcessMemory or WriteProcessMemory request was completed. (0x12B)
[0709/180143.159:ERROR:process_memory_win.cc(73)] ReadMemory at 0x7ff87d561f37 of 512 bytes failed: Only part of a ReadProcessMemory or WriteProcessMemory request was completed. (0x12B)
[0709/180143.159:ERROR:process_memory_win.cc(73)] ReadMemory at 0x7ff87d7757e8 of 512 bytes failed: Only part of a ReadProcessMemory or WriteProcessMemory request was completed. (0x12B)
[0709/180143.160:ERROR:process_memory_win.cc(73)] ReadMemory at 0x7ff8b441f198 of 512 bytes failed: Only part of a ReadProcessMemory or WriteProcessMemory request was completed. (0x12B)
[0709/180143.160:ERROR:process_memory_win.cc(73)] ReadMemory at 0x7ff8b7420b00 of 512 bytes failed: Only part of a ReadProcessMemory or WriteProcessMemory request was completed. (0x12B)
[0709/180143.160:ERROR:process_memory_win.cc(73)] ReadMemory at 0x7ff8b74213f0 of 512 bytes failed: Only part of a ReadProcessMemory or WriteProcessMemory request was completed. (0x12B)
[0709/180143.160:ERROR:process_memory_win.cc(73)] ReadMemory at 0x7ff8b74231e0 of 512 bytes failed: Only part of a ReadProcessMemory or WriteProcessMemory request was completed. (0x12B)
[0709/180143.160:ERROR:process_memory_win.cc(73)] ReadMemory at 0x7ff8b7499f94 of 672 bytes failed: Only part of a ReadProcessMemory or WriteProcessMemory request was completed. (0x12B)
[0709/180143.160:ERROR:process_memory_win.cc(73)] ReadMemory at 0x7ff8b749a594 of 512 bytes failed: Only part of a ReadProcessMemory or WriteProcessMemory request was completed. (0x12B)
[0709/180143.160:ERROR:process_memory_win.cc(73)] ReadMemory at 0x7ff8b749d804 of 608 bytes failed: Only part of a ReadProcessMemory or WriteProcessMemory request was completed. (0x12B)
[0709/180143.160:ERROR:process_memory_win.cc(73)] ReadMemory at 0x7ff8b7518a40 of 512 bytes failed: Only part of a ReadProcessMemory or WriteProcessMemory request was completed. (0x12B)
[0709/180143.160:ERROR:process_memory_win.cc(73)] ReadMemory at 0x7ff8b75237b0 of 18 bytes failed: Only part of a ReadProcessMemory or WriteProcessMemory request was completed. (0x12B)
[0709/180143.160:ERROR:process_memory_win.cc(73)] ReadMemory at 0x7ff8b75564e0 of 40 bytes failed: Only part of a ReadProcessMemory or WriteProcessMemory request was completed. (0x12B)
[0709/180143.160:ERROR:process_memory_win.cc(73)] ReadMemory at 0x7ff8b7556938 of 48 bytes failed: Only part of a ReadProcessMemory or WriteProcessMemory request was completed. (0x12B)
[0709/180143.160:ERROR:process_memory_win.cc(73)] ReadMemory at 0x7ff8b755c360 of 64 bytes failed: Only part of a ReadProcessMemory or WriteProcessMemory request was completed. (0x12B)
[0709/180145.965:ERROR:scoped_process_suspend.cc(40)] NtResumeProcess: An attempt was made to access an exiting process. (0xc000010a)
